module.js:341
    throw err;
    ^

Error: Cannot find module 'Q'
    at Function.Module._resolveFilename (module.js:339:15)
    at Function.Module._load (module.js:290:25)
    at Module.require (module.js:367:17)
    at require (internal/module.js:16:19)
    at Object.<anonymous> (/home/pitstoppal/Pitstop Pal/Backend/driverNeeds.js:8:9)
    at Module._compile (module.js:413:34)
    at Object.Module._extensions..js (module.js:422:10)
    at Module.load (module.js:357:32)
    at Function.Module._load (module.js:314:12)
    at Module.require (module.js:367:17)
module.js:341
    throw err;
    ^

Error: Cannot find module 'Q'
    at Function.Module._resolveFilename (module.js:339:15)
    at Function.Module._load (module.js:290:25)
    at Module.require (module.js:367:17)
    at require (internal/module.js:16:19)
    at Object.<anonymous> (/home/pitstoppal/Pitstop Pal/Backend/driverNeeds.js:8:9)
    at Module._compile (module.js:413:34)
    at Object.Module._extensions..js (module.js:422:10)
    at Module.load (module.js:357:32)
    at Function.Module._load (module.js:314:12)
    at Module.require (module.js:367:17)
